<?xml version="1.0" encoding="UTF-8"?>
<testsuite xmlns:xsi="http://www.w3.org/2001/XMLSchema-instance" xsi:schemaLocation="https://maven.apache.org/surefire/maven-surefire-plugin/xsd/surefire-test-report.xsd" name="runner.TestRunner" time="105.554" tests="22" errors="0" skipped="0" failures="0">
  <properties>
[...]
</properties>
  <testcase name="Given User is on Homepage of the application" classname="Scenario: Verify successful placement of any order" time="0.005"/>
  <testcase name="When User navigates to login page" classname="Scenario: Verify successful placement of any order" time="0"/>
  <testcase name="When User fills registration details" classname="Scenario: Verify successful placement of any order" time="0"/>
  <testcase name="Then Verify registered user on homepage" classname="Scenario: Verify successful placement of any order" time="0"/>
  <testcase name="When User selects &quot;Printed Summer Dress&quot; from homepage" classname="Scenario: Verify successful placement of any order" time="0"/>
  <testcase name="Then Verify selected product on the product detail page" classname="Scenario: Verify successful placement of any order" time="0"/>
  <testcase name="When User adds item to the cart from product detail page" classname="Scenario: Verify successful placement of any order" time="0"/>
  <testcase name="Then Verify &quot;Printed Summer Dress&quot; product on cart page" classname="Scenario: Verify successful placement of any order" time="0"/>
  <testcase name="When User proceeds to checkout from Cart page" classname="Scenario: Verify successful placement of any order" time="0.014"/>
  <testcase name="Then User verifies product details on Summary page" classname="Scenario: Verify successful placement of any order" time="0.002"/>
  <testcase name="When User clicks on proceed to checkout button on Summary page" classname="Scenario: Verify successful placement of any order" time="0"/>
  <testcase name="Then Verify &quot;Billing Address&quot; address on Address confirmation page" classname="Scenario: Verify successful placement of any order" time="0"/>
  <testcase name="Then User clicks on proceed to checkout button on Address confirmation page" classname="Scenario: Verify successful placement of any order" time="0"/>
  <testcase name="Then Verify terms of service on Shipping page" classname="Scenario: Verify successful placement of any order" time="0"/>
  <testcase name="And User click on agree button on Shipping page" classname="Scenario: Verify successful placement of any order" time="0"/>
  <testcase name="And User click on proceed to checkout on Shipping page" classname="Scenario: Verify successful placement of any order" time="0"/>
  <testcase name="And Verify product details on Payment page" classname="Scenario: Verify successful placement of any order" time="0"/>
  <testcase name="When select &quot;Pay by check&quot; as payment method on Payment page" classname="Scenario: Verify successful placement of any order" time="0"/>
  <testcase name="Then Verify selected payment method on payment page" classname="Scenario: Verify successful placement of any order" time="0"/>
  <testcase name="When User clicks on confirm my order button on payment page" classname="Scenario: Verify successful placement of any order" time="0"/>
  <testcase name="Then Verify order details on order confirmation page" classname="Scenario: Verify successful placement of any order" time="0"/>
  <testcase name="Scenario: Verify successful placement of any order" classname="Scenario: Verify successful placement of any order" time="1.576"/>
</testsuite>